<?xml version="1.0" encoding="UTF-8"?>
<!-- Generated by org.testng.reporters.JUnitReportReporter -->
<testsuite hostname="IBM-PF32XR77" failures="0" tests="2" name="tests.CustomerLoginTest" time="18.066" errors="0" timestamp="2023-08-03T00:59:11 IST" skipped="0">
  <testcase classname="tests.CustomerLoginTest" name="LoginFeature" time="10.756"/>
  <system-out/>
  <testcase classname="tests.CustomerLoginTest" name="searchCustomer" time="7.310"/>
  <system-out/>
</testsuite> <!-- tests.CustomerLoginTest -->
