<?xml version="1.0" encoding="UTF-8"?>
<!-- Generated by org.testng.reporters.JUnitReportReporter -->
<testsuite hostname="IBM-PF32XR77" failures="0" tests="2" name="nopCommExercise.NOPCommLoginTest" time="47.151" errors="0" timestamp="2023-08-02T04:07:40 IST" skipped="0">
  <testcase classname="nopCommExercise.NOPCommLoginTest" name="verifyLogin" time="27.893"/>
  <system-out/>
  <testcase classname="nopCommExercise.NOPCommLoginTest" name="searchCustomer" time="19.258"/>
  <system-out/>
</testsuite> <!-- nopCommExercise.NOPCommLoginTest -->
