<?xml version="1.0" encoding="UTF-8"?>
<!-- Generated by org.testng.reporters.JUnitReportReporter -->
<testsuite hostname="IBM-PF32XR77" failures="0" tests="2" name="tests.CustomerLoginTest" time="17.439" errors="0" timestamp="2023-08-02T11:12:34 IST" skipped="0">
  <testcase classname="tests.CustomerLoginTest" name="LoginFeature" time="8.125"/>
  <system-out/>
  <testcase classname="tests.CustomerLoginTest" name="searchCustomer" time="9.314"/>
  <system-out/>
</testsuite> <!-- tests.CustomerLoginTest -->
